0 info it worked if it ends with ok
1 verbose cli [ '/usr/local/bin/node',
1 verbose cli   '/usr/local/bin/npm',
1 verbose cli   'publish',
1 verbose cli   '--force' ]
2 info using npm@2.11.2
3 info using node@v0.12.6
4 warn using --force I sure hope you know what you are doing.
5 verbose publish [ '.' ]
6 silly cache add args [ '.', null ]
7 verbose cache add spec .
8 silly cache add parsed spec { raw: '.',
8 silly cache add   scope: null,
8 silly cache add   name: null,
8 silly cache add   rawSpec: '.',
8 silly cache add   spec: '/home/mat/git/github/simple-accept-language',
8 silly cache add   type: 'directory' }
9 verbose addLocalDirectory /home/mat/.npm/simple-accept-language/0.2.3/package.tgz not in flight; packing
10 verbose tar pack [ '/home/mat/.npm/simple-accept-language/0.2.3/package.tgz',
10 verbose tar pack   '/home/mat/git/github/simple-accept-language' ]
11 verbose tarball /home/mat/.npm/simple-accept-language/0.2.3/package.tgz
12 verbose folder /home/mat/git/github/simple-accept-language
13 info prepublish simple-accept-language@0.2.3
14 verbose addLocalTarball adding from inside cache /home/mat/.npm/simple-accept-language/0.2.3/package.tgz
15 silly cache afterAdd simple-accept-language@0.2.3
16 verbose afterAdd /home/mat/.npm/simple-accept-language/0.2.3/package/package.json not in flight; writing
17 verbose afterAdd /home/mat/.npm/simple-accept-language/0.2.3/package/package.json written
18 silly publish { name: 'simple-accept-language',
18 silly publish   version: '0.2.3',
18 silly publish   description: 'returns best language based on accept-language from http header',
18 silly publish   main: 'index.js',
18 silly publish   scripts: { test: 'echo "Error: no test specified" && exit 1' },
18 silly publish   repository:
18 silly publish    { type: 'git',
18 silly publish      url: 'git+https://github.com/mthpvg/simple-accept-language.git' },
18 silly publish   keywords:
18 silly publish    [ 'accept-language',
18 silly publish      'http',
18 silly publish      'header',
18 silly publish      'browser',
18 silly publish      'preferred language',
18 silly publish      'simple language',
18 silly publish      'localization',
18 silly publish      'parser',
18 silly publish      'express' ],
18 silly publish   author: { name: 'mthpvg', email: 'mth.pvg@gmail.com' },
18 silly publish   license: 'MIT',
18 silly publish   bugs: { url: 'https://github.com/mthpvg/simple-accept-language/issues' },
18 silly publish   homepage: 'https://github.com/mthpvg/simple-accept-language#readme',
18 silly publish   readme: '# simple-accept-language [PRE-ALPHA]\n\n## WARNING [PRE-ALPHA]\n\nReturns best language based on accept-language from http header\n\n## Installation WARNING [PRE-ALPHA]\n\n```bash\n$ npm install simple-accept-language\n```\n\n## Quick Start with the Express framework\n\n```js\nvar express = require(\'express\'),\nsimpleLanguage = require(\'../index\'),\napp = express();\n\napp.get(\'/\', function (req, res) {\n  var defaultLanguage = "en",\n  supportedLanguages = ["en", "fr"];\n  res.send(simpleLanguage(req, defaultLanguage, supportedLanguages));\n});\n\napp.listen(3000);\n```\n\n## TODO\n\n- Testing\n- optional arguments',
18 silly publish   readmeFilename: 'README.md',
18 silly publish   gitHead: '38f4b5b0b7b9fd38dbde4169b733b51b87165ed3',
18 silly publish   _id: 'simple-accept-language@0.2.3',
18 silly publish   _shasum: '90f933a378149c721c1d681ea3cc051a01f52ded',
18 silly publish   _from: '.' }
19 verbose getPublishConfig undefined
20 silly mapToRegistry name simple-accept-language
21 silly mapToRegistry using default registry
22 silly mapToRegistry registry https://registry.npmjs.org/
23 silly mapToRegistry uri https://registry.npmjs.org/simple-accept-language
24 verbose publish registryBase https://registry.npmjs.org/
25 silly publish uploading /home/mat/.npm/simple-accept-language/0.2.3/package.tgz
26 verbose request uri https://registry.npmjs.org/simple-accept-language
27 verbose request sending authorization for write operation
28 info attempt registry request try #1 at 7:12:45 PM
29 verbose request using bearer token for auth
30 verbose request id 8a351a57e2c4e546
31 http request PUT https://registry.npmjs.org/simple-accept-language
32 http 403 https://registry.npmjs.org/simple-accept-language
33 verbose headers { 'content-type': 'application/json',
33 verbose headers   'cache-control': 'max-age=60',
33 verbose headers   'content-length': '95',
33 verbose headers   'accept-ranges': 'bytes',
33 verbose headers   date: 'Thu, 17 Sep 2015 17:12:46 GMT',
33 verbose headers   via: '1.1 varnish',
33 verbose headers   connection: 'keep-alive',
33 verbose headers   'x-served-by': 'cache-fra1235-FRA',
33 verbose headers   'x-cache': 'MISS',
33 verbose headers   'x-cache-hits': '0',
33 verbose headers   'x-timer': 'S1442509965.194429,VS0,VE1086' }
34 verbose request invalidating /home/mat/.npm/registry.npmjs.org/simple-accept-language on PUT
35 error publish Failed PUT 403
36 verbose stack Error: "You cannot publish over the previously published version 0.2.3." : simple-accept-language
36 verbose stack     at CachingRegistryClient.<anonymous> (/usr/local/lib/node_modules/npm/node_modules/npm-registry-client/lib/request.js:247:14)
36 verbose stack     at Request._callback (/usr/local/lib/node_modules/npm/node_modules/npm-registry-client/lib/request.js:170:14)
36 verbose stack     at Request.self.callback (/usr/local/lib/node_modules/npm/node_modules/request/request.js:354:22)
36 verbose stack     at Request.emit (events.js:110:17)
36 verbose stack     at Request.<anonymous> (/usr/local/lib/node_modules/npm/node_modules/request/request.js:1207:14)
36 verbose stack     at Request.emit (events.js:129:20)
36 verbose stack     at IncomingMessage.<anonymous> (/usr/local/lib/node_modules/npm/node_modules/request/request.js:1153:12)
36 verbose stack     at IncomingMessage.emit (events.js:129:20)
36 verbose stack     at _stream_readable.js:908:16
36 verbose stack     at process._tickCallback (node.js:355:11)
37 verbose statusCode 403
38 verbose pkgid simple-accept-language
39 verbose cwd /home/mat/git/github/simple-accept-language
40 error Linux 3.16.0-49-generic
41 error argv "/usr/local/bin/node" "/usr/local/bin/npm" "publish" "--force"
42 error node v0.12.6
43 error npm  v2.11.2
44 error code E403
45 error "You cannot publish over the previously published version 0.2.3." : simple-accept-language
46 error If you need help, you may report this error at:
46 error     <https://github.com/npm/npm/issues>
47 verbose exit [ 1, true ]
